Base path: 'C:/Program Files/Unity/Hub/Editor/2019.4.19f1c1/Editor/Data', plugins path 'C:/Program Files/Unity/Hub/Editor/2019.4.19f1c1/Editor/Data/PlaybackEngines'
Cmd: initializeCompiler
Cmd: preprocessCompute
  insize=6570 outsize=6572 ok=1
Cmd: compileComputeKernel
  api=4 insize=6572 outsize=2207 ok=1
Cmd: preprocessCompute
  insize=5856 outsize=5858 ok=1
Cmd: preprocess
  insize=42335 outsize=635 ok=1
Cmd: preprocessCompute
  insize=2008 outsize=2010 ok=1
Cmd: compileSnippet
  api=4 type=0 insize=3896 outsize=1490 kw= pd=UNITY_ENABLE_REFLECTION_BUFFERS UNITY_USE_DITHER_MASK_FOR_ALPHABLENDED_SHADOWS UNITY_PBS_USE_BRDF1 UNITY_SPECCUBE_BOX_PROJECTION UNITY_SPECCUBE_BLENDING UNITY_ENABLE_DETAIL_NORMALMAP SHADER_API_DESKTOP UNITY_LIGHT_PROBE_PROXY_VOLUME UNITY_LIGHTMAP_FULL_HDR ok=1
Cmd: compileSnippet
  api=4 type=1 insize=3896 outsize=1502 kw= pd=UNITY_ENABLE_REFLECTION_BUFFERS UNITY_USE_DITHER_MASK_FOR_ALPHABLENDED_SHADOWS UNITY_PBS_USE_BRDF1 UNITY_SPECCUBE_BOX_PROJECTION UNITY_SPECCUBE_BLENDING UNITY_ENABLE_DETAIL_NORMALMAP SHADER_API_DESKTOP UNITY_LIGHT_PROBE_PROXY_VOLUME UNITY_LIGHTMAP_FULL_HDR ok=1
Cmd: compileSnippet
  api=4 type=0 insize=3555 outsize=1358 kw= pd=UNITY_ENABLE_REFLECTION_BUFFERS UNITY_USE_DITHER_MASK_FOR_ALPHABLENDED_SHADOWS UNITY_PBS_USE_BRDF1 UNITY_SPECCUBE_BOX_PROJECTION UNITY_SPECCUBE_BLENDING UNITY_ENABLE_DETAIL_NORMALMAP SHADER_API_DESKTOP UNITY_LIGHT_PROBE_PROXY_VOLUME UNITY_LIGHTMAP_FULL_HDR ok=1
Cmd: compileSnippet
  api=4 type=1 insize=3555 outsize=1046 kw= pd=UNITY_ENABLE_REFLECTION_BUFFERS UNITY_USE_DITHER_MASK_FOR_ALPHABLENDED_SHADOWS UNITY_PBS_USE_BRDF1 UNITY_SPECCUBE_BOX_PROJECTION UNITY_SPECCUBE_BLENDING UNITY_ENABLE_DETAIL_NORMALMAP SHADER_API_DESKTOP UNITY_LIGHT_PROBE_PROXY_VOLUME UNITY_LIGHTMAP_FULL_HDR ok=1
Cmd: compileSnippet
  api=4 type=0 insize=2984 outsize=1306 kw= pd=UNITY_ENABLE_REFLECTION_BUFFERS UNITY_USE_DITHER_MASK_FOR_ALPHABLENDED_SHADOWS UNITY_PBS_USE_BRDF1 UNITY_SPECCUBE_BOX_PROJECTION UNITY_SPECCUBE_BLENDING UNITY_ENABLE_DETAIL_NORMALMAP SHADER_API_DESKTOP UNITY_LIGHT_PROBE_PROXY_VOLUME UNITY_LIGHTMAP_FULL_HDR ok=1
Cmd: compileSnippet
  api=4 type=1 insize=2984 outsize=470 kw= pd=UNITY_ENABLE_REFLECTION_BUFFERS UNITY_USE_DITHER_MASK_FOR_ALPHABLENDED_SHADOWS UNITY_PBS_USE_BRDF1 UNITY_SPECCUBE_BOX_PROJECTION UNITY_SPECCUBE_BLENDING UNITY_ENABLE_DETAIL_NORMALMAP SHADER_API_DESKTOP UNITY_LIGHT_PROBE_PROXY_VOLUME UNITY_LIGHTMAP_FULL_HDR ok=1
Cmd: preprocessCompute
  insize=6570 outsize=6572 ok=1
Cmd: preprocessCompute
  insize=5856 outsize=5858 ok=1
Cmd: preprocess
  insize=42335 outsize=635 ok=1
Cmd: preprocessCompute
  insize=2008 outsize=2010 ok=1
Cmd: preprocessCompute
  insize=9014 outsize=9016 ok=1
Cmd: compileComputeKernel
  api=4 insize=9016 outsize=3308 ok=1
Cmd: preprocessCompute
  insize=5856 outsize=5858 ok=1
Cmd: compileComputeKernel
  api=4 insize=5858 outsize=1508 ok=1
Cmd: preprocess
  insize=42333 outsize=635 ok=1
Cmd: preprocessCompute
  insize=2007 outsize=2009 ok=1
Cmd: compileComputeKernel
  api=4 insize=2009 outsize=1370 ok=1
Cmd: preprocessCompute
  insize=8359 outsize=8361 ok=1
Cmd: compileComputeKernel
  api=4 insize=8361 outsize=2815 ok=1
Cmd: preprocessCompute
  insize=5034 outsize=5036 ok=1
Cmd: compileComputeKernel
  api=4 insize=5036 outsize=1129 ok=1
Cmd: preprocess
  insize=41945 outsize=635 ok=1
Cmd: preprocessCompute
  insize=1977 outsize=1979 ok=1
Cmd: compileComputeKernel
  api=4 insize=1979 outsize=1257 ok=1
Cmd: preprocessCompute
  insize=8360 outsize=8362 ok=1
Cmd: compileComputeKernel
  api=4 insize=8362 outsize=2815 ok=1
Cmd: preprocessCompute
  insize=5036 outsize=5038 ok=1
Cmd: compileComputeKernel
  api=4 insize=5038 outsize=1129 ok=1
Cmd: preprocess
  insize=41945 outsize=634 ok=1
Cmd: preprocessCompute
  insize=1977 outsize=1979 ok=1
Cmd: preprocessCompute
  insize=8360 outsize=8362 ok=1
Cmd: preprocessCompute
  insize=5036 outsize=5038 ok=1
Cmd: preprocess
  insize=41949 outsize=638 ok=1
Cmd: preprocess
  insize=32974 outsize=700 ok=1
Cmd: preprocessCompute
  insize=1977 outsize=1979 ok=1
Cmd: preprocessCompute
  insize=8194 outsize=8196 ok=1
Cmd: compileComputeKernel
  api=4 insize=8196 outsize=2763 ok=1
Cmd: preprocessCompute
  insize=4516 outsize=4518 ok=1
Cmd: compileComputeKernel
  api=4 insize=4518 outsize=1009 ok=1
Cmd: preprocess
  insize=32970 outsize=696 ok=1
Cmd: preprocessCompute
  insize=1977 outsize=1979 ok=1
Cmd: preprocessCompute
  insize=8194 outsize=8196 ok=1
Cmd: preprocessCompute
  insize=4484 outsize=4486 ok=1
Cmd: compileComputeKernel
  api=4 insize=4486 outsize=903 ok=1
Cmd: preprocess
  insize=32921 outsize=684 ok=1
Cmd: preprocessCompute
  insize=7533 outsize=7535 ok=1
Cmd: compileComputeKernel
  api=4 insize=7535 outsize=1883 ok=1
Cmd: preprocessCompute
  insize=3493 outsize=3495 ok=1
Cmd: compileComputeKernel
  api=4 insize=3495 outsize=223 ok=1
Cmd: preprocess
  insize=32921 outsize=684 ok=1
Cmd: preprocessCompute
  insize=7533 outsize=7535 ok=1
Cmd: preprocessCompute
  insize=3493 outsize=3495 ok=1
Cmd: preprocess
  insize=32921 outsize=684 ok=1
Cmd: preprocessCompute
  insize=7932 outsize=7934 ok=1
Cmd: compileComputeKernel
  api=4 insize=7934 outsize=1937 ok=1
Cmd: preprocessCompute
  insize=3493 outsize=3495 ok=1
Cmd: preprocess
  insize=33069 outsize=684 ok=1
Cmd: preprocessCompute
  insize=7932 outsize=7934 ok=1
Cmd: preprocessCompute
  insize=3493 outsize=3495 ok=1
Cmd: preprocess
  insize=33069 outsize=684 ok=1
Cmd: preprocessCompute
  insize=7932 outsize=7934 ok=1
Cmd: preprocessCompute
  insize=3493 outsize=3495 ok=1
Cmd: preprocess
  insize=33069 outsize=684 ok=1
Cmd: preprocessCompute
  insize=7932 outsize=7934 ok=1
Cmd: preprocessCompute
  insize=3493 outsize=3495 ok=1
Cmd: preprocess
  insize=33069 outsize=684 ok=1
Cmd: preprocessCompute
  insize=7932 outsize=7934 ok=1
Cmd: preprocessCompute
  insize=3493 outsize=3495 ok=1
Cmd: preprocess
  insize=33069 outsize=684 ok=1
Cmd: preprocessCompute
  insize=7934 outsize=7936 ok=1
Cmd: compileComputeKernel
  api=4 insize=7936 outsize=1985 ok=1
Cmd: preprocessCompute
  insize=4281 outsize=4283 ok=1
Cmd: compileComputeKernel
  api=4 insize=4283 outsize=766 ok=1
Cmd: preprocess
  insize=33077 outsize=684 ok=1
Cmd: preprocessCompute
  insize=7934 outsize=7936 ok=1
Cmd: preprocessCompute
  insize=4523 outsize=4525 ok=1
Cmd: compileComputeKernel
  api=4 insize=4525 outsize=854 ok=1
Cmd: preprocess
  insize=33077 outsize=684 ok=1
Cmd: preprocessCompute
  insize=7934 outsize=7936 ok=1
Cmd: preprocessCompute
  insize=4583 outsize=4585 ok=1
Cmd: compileComputeKernel
  api=4 insize=4585 outsize=901 ok=1
Cmd: preprocess
  insize=33077 outsize=684 ok=1
Cmd: preprocessCompute
  insize=7934 outsize=7936 ok=1
Cmd: preprocessCompute
  insize=4957 outsize=4959 ok=1
Cmd: compileComputeKernel
  api=4 insize=4959 outsize=990 ok=1
Cmd: preprocess
  insize=33077 outsize=684 ok=1
Cmd: preprocessCompute
  insize=7934 outsize=7936 ok=1
Cmd: preprocessCompute
  insize=4957 outsize=4959 ok=1
Cmd: preprocess
  insize=33077 outsize=684 ok=1
Cmd: preprocessCompute
  insize=7934 outsize=7936 ok=1
Cmd: preprocessCompute
  insize=4957 outsize=4959 ok=1
Cmd: preprocess
  insize=33077 outsize=684 ok=1
Cmd: preprocessCompute
  insize=7934 outsize=7936 ok=1
Cmd: preprocessCompute
  insize=4957 outsize=4959 ok=1
Cmd: preprocess
  insize=33077 outsize=684 ok=1
Cmd: preprocessCompute
  insize=7934 outsize=7936 ok=1
Cmd: preprocessCompute
  insize=4957 outsize=4959 ok=1
Cmd: preprocess
  insize=33077 outsize=684 ok=1
Cmd: preprocessCompute
  insize=7934 outsize=7936 ok=1
Cmd: preprocessCompute
  insize=4957 outsize=4959 ok=1
Cmd: preprocess
  insize=33077 outsize=684 ok=1
Cmd: preprocessCompute
  insize=7934 outsize=7936 ok=1
Cmd: preprocessCompute
  insize=5065 outsize=5067 ok=1
Cmd: compileComputeKernel
  api=4 insize=5067 outsize=1055 ok=1
Cmd: preprocess
  insize=33077 outsize=684 ok=1
Cmd: preprocessCompute
  insize=7934 outsize=7936 ok=1
Cmd: preprocessCompute
  insize=5065 outsize=5067 ok=1
Cmd: preprocess
  insize=33077 outsize=684 ok=1
Cmd: preprocessCompute
  insize=7934 outsize=7936 ok=1
Cmd: preprocessCompute
  insize=5065 outsize=5067 ok=1
Cmd: preprocess
  insize=33077 outsize=684 ok=1
Cmd: preprocessCompute
  insize=8389 outsize=8391 ok=1
Cmd: compileComputeKernel
  api=4 insize=8391 outsize=2048 ok=1
Cmd: preprocessCompute
  insize=5065 outsize=5067 ok=1
Cmd: preprocess
  insize=33249 outsize=683 ok=1
Cmd: preprocessCompute
  insize=8491 outsize=8493 ok=1
Cmd: compileComputeKernel
  api=4 insize=8493 outsize=2107 ok=1
Cmd: preprocessCompute
  insize=5065 outsize=5067 ok=1
Cmd: preprocess
  insize=33249 outsize=683 ok=1
Cmd: preprocessCompute
  insize=8538 outsize=8540 ok=1
Cmd: compileComputeKernel
  api=4 insize=8540 outsize=2050 ok=1
Cmd: preprocessCompute
  insize=5065 outsize=5067 ok=1
Cmd: preprocess
  insize=33249 outsize=683 ok=1
Cmd: preprocessCompute
  insize=8538 outsize=8540 ok=1
Cmd: preprocessCompute
  insize=5065 outsize=5067 ok=1
Cmd: preprocess
  insize=33249 outsize=683 ok=1
Cmd: preprocessCompute
  insize=8538 outsize=8540 ok=1
Cmd: preprocessCompute
  insize=5065 outsize=5067 ok=1
Cmd: preprocess
  insize=33249 outsize=683 ok=1
Cmd: preprocessCompute
  insize=8538 outsize=8540 ok=1
Cmd: preprocessCompute
  insize=5065 outsize=5067 ok=1
Cmd: preprocess
  insize=33249 outsize=683 ok=1
Cmd: preprocessCompute
  insize=8538 outsize=8540 ok=1
Cmd: preprocessCompute
  insize=5065 outsize=5067 ok=1
Cmd: preprocess
  insize=47283 outsize=812 ok=1
Cmd: preprocessCompute
  insize=8733 outsize=8735 ok=1
Cmd: compileComputeKernel
  api=4 insize=8735 outsize=2102 ok=1
Cmd: preprocessCompute
  insize=6042 outsize=6044 ok=1
Cmd: compileComputeKernel
  api=4 insize=6044 outsize=1297 ok=1
Cmd: preprocess
  insize=47283 outsize=812 ok=1
Cmd: preprocessCompute
  insize=8899 outsize=8901 ok=1
Cmd: compileComputeKernel
  api=4 insize=8901 outsize=2102 ok=1
Cmd: preprocessCompute
  insize=8765 outsize=8767 ok=1
Cmd: compileComputeKernel
  api=4 insize=8767 outsize=2447 ok=1
Cmd: preprocess
  insize=47283 outsize=812 ok=1
Cmd: preprocessCompute
  insize=8899 outsize=8901 ok=1
Cmd: preprocessCompute
  insize=8798 outsize=8800 ok=1
Cmd: compileComputeKernel
  api=4 insize=8800 outsize=2587 ok=1
Cmd: preprocess
  insize=47283 outsize=812 ok=1
Cmd: preprocessCompute
  insize=8899 outsize=8901 ok=1
Cmd: preprocessCompute
  insize=8798 outsize=8800 ok=1
Cmd: preprocess
  insize=47283 outsize=812 ok=1
Cmd: preprocessCompute
  insize=8899 outsize=8901 ok=1
Cmd: compileComputeKernel
  api=4 insize=8901 outsize=2102 ok=1
Cmd: preprocessCompute
  insize=9238 outsize=9240 ok=1
Cmd: compileComputeKernel
  api=4 insize=9240 outsize=2662 ok=1
Cmd: preprocess
  insize=47283 outsize=812 ok=1
Cmd: preprocessCompute
  insize=8899 outsize=8901 ok=1
Cmd: preprocessCompute
  insize=8070 outsize=8072 ok=1
Cmd: compileComputeKernel
  api=4 insize=8072 outsize=2319 ok=1
Cmd: preprocess
  insize=47283 outsize=812 ok=1
Cmd: preprocessCompute
  insize=8899 outsize=8901 ok=1
Cmd: preprocessCompute
  insize=8961 outsize=8963 ok=1
Cmd: compileComputeKernel
  api=4 insize=8963 outsize=2653 ok=1
Cmd: preprocess
  insize=47283 outsize=812 ok=1
Cmd: preprocessCompute
  insize=8899 outsize=8901 ok=1
Cmd: preprocessCompute
  insize=9687 outsize=9689 ok=1
Cmd: compileComputeKernel
  api=4 insize=9689 outsize=2776 ok=1
Cmd: preprocess
  insize=47283 outsize=812 ok=1
Cmd: preprocessCompute
  insize=8899 outsize=8901 ok=1
Cmd: preprocessCompute
  insize=8961 outsize=8963 ok=1
Cmd: compileComputeKernel
  api=4 insize=8963 outsize=2653 ok=1
Cmd: preprocess
  insize=47283 outsize=812 ok=1
Cmd: preprocessCompute
  insize=8899 outsize=8901 ok=1
Cmd: preprocessCompute
  insize=8961 outsize=8963 ok=1
Cmd: preprocess
  insize=47283 outsize=812 ok=1
Cmd: preprocessCompute
  insize=8899 outsize=8901 ok=1
Cmd: preprocessCompute
  insize=8961 outsize=8963 ok=1
Cmd: preprocess
  insize=47283 outsize=812 ok=1
Cmd: preprocessCompute
  insize=8899 outsize=8901 ok=1
Cmd: preprocessCompute
  insize=8961 outsize=8963 ok=1
Cmd: preprocess
  insize=47283 outsize=812 ok=1
Cmd: preprocessCompute
  insize=8899 outsize=8901 ok=1
Cmd: preprocessCompute
  insize=8961 outsize=8963 ok=1
Cmd: preprocess
  insize=47283 outsize=812 ok=1
Cmd: preprocessCompute
  insize=8899 outsize=8901 ok=1
Cmd: preprocessCompute
  insize=8704 outsize=8706 ok=1
Cmd: compileComputeKernel
  api=4 insize=8706 outsize=2578 ok=1
Cmd: preprocess
  insize=47283 outsize=812 ok=1
Cmd: preprocessCompute
  insize=8899 outsize=8901 ok=1
Cmd: preprocessCompute
  insize=7395 outsize=7397 ok=1
Cmd: compileComputeKernel
  api=4 insize=7397 outsize=2169 ok=1
Cmd: preprocess
  insize=47283 outsize=812 ok=1
Cmd: preprocessCompute
  insize=8899 outsize=8901 ok=1
Cmd: preprocessCompute
  insize=8521 outsize=8523 ok=1
Cmd: compileComputeKernel
  api=4 insize=8523 outsize=2512 ok=1
Cmd: preprocess
  insize=47283 outsize=812 ok=1
Cmd: preprocessCompute
  insize=8538 outsize=8540 ok=1
Cmd: preprocessCompute
  insize=5065 outsize=5067 ok=1
Cmd: preprocess
  insize=47283 outsize=812 ok=1
Cmd: preprocessCompute
  insize=8538 outsize=8540 ok=1
Cmd: preprocessCompute
  insize=5065 outsize=5067 ok=1
Cmd: preprocess
  insize=47283 outsize=812 ok=1
Cmd: preprocessCompute
  insize=8538 outsize=8540 ok=1
Cmd: preprocessCompute
  insize=5065 outsize=5067 ok=1
Cmd: preprocess
  insize=47283 outsize=812 ok=1
Cmd: preprocessCompute
  insize=8538 outsize=8540 ok=1
Cmd: preprocessCompute
  insize=5065 outsize=5067 ok=1
Cmd: preprocess
  insize=47283 outsize=812 ok=1
Cmd: preprocessCompute
  insize=7576 outsize=7578 ok=1
Cmd: compileComputeKernel
  api=4 insize=7578 outsize=1094 ok=1
Cmd: preprocessCompute
  insize=4875 outsize=4877 ok=1
Cmd: compileComputeKernel
  api=4 insize=4877 outsize=881 ok=1
Cmd: preprocess
  insize=47283 outsize=812 ok=1
Cmd: preprocessCompute
  insize=7576 outsize=7578 ok=1
Cmd: preprocessCompute
  insize=4875 outsize=4877 ok=1
Cmd: preprocess
  insize=47283 outsize=812 ok=1

Quitting shader compiler process
